<?xml version="1.0" encoding="UTF-8"?>
<testng-results skipped="0" failed="0" total="1" passed="1">
  <reporter-output>
  </reporter-output>
  <suite name="Default suite" duration-ms="6504" started-at="2021-08-05T06:31:56Z" finished-at="2021-08-05T06:32:02Z">
    <groups>
    </groups>
    <test name="Default test" duration-ms="6504" started-at="2021-08-05T06:31:56Z" finished-at="2021-08-05T06:32:02Z">
      <class name="Com.cjc.Testcases.Testcase">
        <test-method status="PASS" signature="browser()[pri:0, instance:Com.cjc.Testcases.Testcase@3ecf72fd]" name="browser" is-config="true" duration-ms="4538" started-at="2021-08-05T12:01:51Z" finished-at="2021-08-05T12:01:56Z">
          <reporter-output>
          </reporter-output>
        </test-method> <!-- browser -->
        <test-method status="PASS" signature="openurl()[pri:0, instance:Com.cjc.Testcases.Testcase@3ecf72fd]" name="openurl" is-config="true" duration-ms="3456" started-at="2021-08-05T12:01:56Z" finished-at="2021-08-05T12:01:59Z">
          <reporter-output>
          </reporter-output>
        </test-method> <!-- openurl -->
        <test-method status="PASS" signature="maximizebrowser()[pri:0, instance:Com.cjc.Testcases.Testcase@3ecf72fd]" name="maximizebrowser" is-config="true" duration-ms="205" started-at="2021-08-05T12:01:59Z" finished-at="2021-08-05T12:01:59Z">
          <reporter-output>
          </reporter-output>
        </test-method> <!-- maximizebrowser -->
        <test-method status="PASS" signature="loginverify()[pri:0, instance:Com.cjc.Testcases.Testcase@3ecf72fd]" name="loginverify" duration-ms="2830" started-at="2021-08-05T12:01:59Z" finished-at="2021-08-05T12:02:02Z">
          <reporter-output>
          </reporter-output>
        </test-method> <!-- loginverify -->
      </class> <!-- Com.cjc.Testcases.Testcase -->
    </test> <!-- Default test -->
  </suite> <!-- Default suite -->
</testng-results>
